<?xml version="1.0" encoding="UTF-8"?>
<!-- Generated by org.testng.reporters.JUnitReportReporter -->
<testsuite hostname="AR-NB-496" failures="0" tests="12" name="tests.Tests" time="110.801" errors="0" timestamp="13 jul. 2023 22:58:13 GMT" skipped="0">
  <testcase classname="tests.Tests" name="CP010_BotonVolverATiendaOnline" time="8.770"/>
  <testcase classname="tests.Tests" name="CP001_Recarga" time="7.952"/>
  <testcase classname="tests.Tests" name="CP007_TiendaOnlineSeleccionMediosDePago" time="8.278"/>
  <testcase classname="tests.Tests" name="CP003_RecuperarPassword" time="15.220"/>
  <testcase classname="tests.Tests" name="CP012_TiendaOnlineFiltroPorMarca" time="11.229"/>
  <testcase classname="tests.Tests" name="CP005_IniciarSesionCorreoNoRegistrado" time="8.511"/>
  <testcase classname="tests.Tests" name="CP011_TiendaOnlineCatalogoCompleto" time="6.488"/>
  <testcase classname="tests.Tests" name="CP008_TiendaOnlineSeleccionEspecificaciones" time="8.554"/>
  <testcase classname="tests.Tests" name="CP006_TiendaOnlineSeleccionDeProducto" time="10.738"/>
  <testcase classname="tests.Tests" name="CP002_RecargaConLineaInvalida" time="6.319"/>
  <testcase classname="tests.Tests" name="CP009_TiendaOnlineFiltroPrecio" time="8.998"/>
  <testcase classname="tests.Tests" name="CP004_RecuperarEmail" time="9.744"/>
</testsuite> <!-- tests.Tests -->
